
Showing logs for build [32mcb-kubecd-environment-pr-205-15-4872s-1[0m stage [32mfrom-build-pack[0m and container [32mstep-credential-initializer-kzn6m[0m
{"level":"info","ts":1587451435.464816,"logger":"fallback-logger","caller":"logging/config.go:69","msg":"Fetch GitHub commit ID from kodata failed: open /var/run/ko/refs/heads/0.8.0-ns-support: no such file or directory"}
{"level":"info","ts":1587451435.4655766,"logger":"fallback-logger","caller":"creds-init/main.go:40","msg":"Credentials initialized."}

Showing logs for build [32mcb-kubecd-environment-pr-205-15-4872s-1[0m stage [32mfrom-build-pack[0m and container [32mstep-working-dir-initializer-cw7sl[0m
{"level":"info","ts":1587451436.8376703,"logger":"fallback-logger","caller":"logging/config.go:69","msg":"Fetch GitHub commit ID from kodata failed: open /var/run/ko/HEAD: no such file or directory"}
{"level":"info","ts":1587451436.8399043,"logger":"fallback-logger","caller":"bash/main.go:64","msg":"Successfully executed command \"sh -c mkdir -p /workspace/source\"; output "}

Showing logs for build [32mcb-kubecd-environment-pr-205-15-4872s-1[0m stage [32mfrom-build-pack[0m and container [32mstep-place-tools[0m

Showing logs for build [32mcb-kubecd-environment-pr-205-15-4872s-1[0m stage [32mfrom-build-pack[0m and container [32mstep-git-source-cb-kubecd-environment-pr-205-15-4872s-jlfm6[0m
{"level":"info","ts":1587451440.9253783,"logger":"fallback-logger","caller":"logging/config.go:69","msg":"Fetch GitHub commit ID from kodata failed: open /var/run/ko/refs/heads/0.8.0-ns-support: no such file or directory"}
{"level":"info","ts":1587451441.991949,"logger":"fallback-logger","caller":"git/git.go:103","msg":"Successfully cloned https://github.com/cb-kubecd/environment-pr-205-157-boot-gke-production.git @ master in path /workspace/source"}

Showing logs for build [32mcb-kubecd-environment-pr-205-15-4872s-1[0m stage [32mfrom-build-pack[0m and container [32mstep-git-merge[0m
Using SHAs from PULL_REFS=master:39affec26aa5b1cf9904fb8af16c09bfe29c84f1,1:5ee3735196f931c3d44978a47eda600f5f405d1a
DEBUG: JX_LOG_LEVEL=error LC_ALL=C git fetch origin --unshallow 5ee3735196f931c3d44978a47eda600f5f405d1a: 39affec26aa5b1cf9904fb8af16c09bfe29c84f1:
DEBUG: ran git fetch --unshallow origin 5ee3735196f931c3d44978a47eda600f5f405d1a: 39affec26aa5b1cf9904fb8af16c09bfe29c84f1: in 
DEBUG: LC_ALL=C JX_LOG_LEVEL=error git branch
DEBUG: LC_ALL=C JX_LOG_LEVEL=error git checkout master
DEBUG: ran git checkout master in 
DEBUG: LC_ALL=C JX_LOG_LEVEL=error git reset --hard 39affec26aa5b1cf9904fb8af16c09bfe29c84f1
DEBUG: ran git reset --hard 39affec26aa5b1cf9904fb8af16c09bfe29c84f1 in 
DEBUG: LC_ALL=C JX_LOG_LEVEL=error git clean -fd .
DEBUG: ran clean --force -d . in 
DEBUG: LC_ALL=C JX_LOG_LEVEL=error git merge 5ee3735196f931c3d44978a47eda600f5f405d1a
DEBUG: ran git merge 5ee3735196f931c3d44978a47eda600f5f405d1a in 
DEBUG: LC_ALL=C JX_LOG_LEVEL=error git log --format=%H%x1f%an%x1f%ae%x1f%cn%x1f%ce%x1f%s%n%b%x1e 39affec26aa5b1cf9904fb8af16c09bfe29c84f1..HEAD
Merged SHA 5ee3735196f931c3d44978a47eda600f5f405d1a with commit message 'chore: Promote bdd-spring-1587450465 to version 0.0.1' into base branch master

Showing logs for build [32mcb-kubecd-environment-pr-205-15-4872s-1[0m stage [32mfrom-build-pack[0m and container [32mstep-build-helm-build[0m
WARNING: No $CHART_REPOSITORY defined so using the default value of: http://jenkins-x-chartmuseum:8080
Adding missing Helm repo: storage.googleapis.com https://storage.googleapis.com/chartmuseum.jenkins-x.io
WARNING: No secrets found on "helm/repos" due: reading the secret "helm/repos" from vault: no secret "helm/repos" not found in vault
Read credentials for https://storage.googleapis.com/chartmuseum.jenkins-x.io from vault helm/repos
Successfully added Helm repository storage.googleapis.com.
Adding missing Helm repo: jenkins-x-chartmuseum http://jenkins-x-chartmuseum:8080
WARNING: No secrets found on "helm/repos" due: reading the secret "helm/repos" from vault: no secret "helm/repos" not found in vault
Read credentials for http://jenkins-x-chartmuseum:8080 from vault helm/repos
Successfully added Helm repository jenkins-x-chartmuseum.
WARNING: No $CHART_REPOSITORY defined so using the default value of: http://jenkins-x-chartmuseum:8080
Adding missing Helm repo: chartmuseum.jenkins-x.io http://chartmuseum.jenkins-x.io
WARNING: No secrets found on "helm/repos" due: reading the secret "helm/repos" from vault: no secret "helm/repos" not found in vault
Read credentials for http://chartmuseum.jenkins-x.io from vault helm/repos
Successfully added Helm repository chartmuseum.jenkins-x.io.
